2017-11-21 13:58:02-ERROR com.cup.security.certification.RsaCertUtils:180-getPubCert  Fail: load public certificate
java.io.FileNotFoundException: E:\stssaaswork\fistjob\demo\cardlessQuickPay\target\test-classes\4000370671.cer (系统找不到指定的文件。)
	at java.io.FileInputStream.open0(Native Method)
	at java.io.FileInputStream.open(FileInputStream.java:195)
	at java.io.FileInputStream.<init>(FileInputStream.java:138)
	at java.io.FileInputStream.<init>(FileInputStream.java:93)
	at com.cup.security.certification.RsaCertUtils.getPubCert(RsaCertUtils.java:177)
	at com.cup.security.certification.RsaCertUtils.getPubKey(RsaCertUtils.java:143)
	at cardlessQuickPay.CardlessQuickPayRSATest.createPostXML(CardlessQuickPayRSATest.java:208)
	at cardlessQuickPay.CardlessQuickPayRSATest.testSm2SignWithSm3(CardlessQuickPayRSATest.java:48)
	at sun.reflect.NativeMethodAccessorImpl.invoke0(Native Method)
	at sun.reflect.NativeMethodAccessorImpl.invoke(NativeMethodAccessorImpl.java:62)
	at sun.reflect.DelegatingMethodAccessorImpl.invoke(DelegatingMethodAccessorImpl.java:43)
	at java.lang.reflect.Method.invoke(Method.java:498)
	at org.junit.runners.model.FrameworkMethod$1.runReflectiveCall(FrameworkMethod.java:50)
	at org.junit.internal.runners.model.ReflectiveCallable.run(ReflectiveCallable.java:12)
	at org.junit.runners.model.FrameworkMethod.invokeExplosively(FrameworkMethod.java:47)
	at org.junit.internal.runners.statements.InvokeMethod.evaluate(InvokeMethod.java:17)
	at org.junit.runners.ParentRunner.runLeaf(ParentRunner.java:325)
	at org.junit.runners.BlockJUnit4ClassRunner.runChild(BlockJUnit4ClassRunner.java:78)
	at org.junit.runners.BlockJUnit4ClassRunner.runChild(BlockJUnit4ClassRunner.java:57)
	at org.junit.runners.ParentRunner$3.run(ParentRunner.java:290)
	at org.junit.runners.ParentRunner$1.schedule(ParentRunner.java:71)
	at org.junit.runners.ParentRunner.runChildren(ParentRunner.java:288)
	at org.junit.runners.ParentRunner.access$000(ParentRunner.java:58)
	at org.junit.runners.ParentRunner$2.evaluate(ParentRunner.java:268)
	at org.junit.runners.ParentRunner.run(ParentRunner.java:363)
	at org.eclipse.jdt.internal.junit4.runner.JUnit4TestReference.run(JUnit4TestReference.java:86)
	at org.eclipse.jdt.internal.junit.runner.TestExecution.run(TestExecution.java:38)
	at org.eclipse.jdt.internal.junit.runner.RemoteTestRunner.runTests(RemoteTestRunner.java:459)
	at org.eclipse.jdt.internal.junit.runner.RemoteTestRunner.runTests(RemoteTestRunner.java:678)
	at org.eclipse.jdt.internal.junit.runner.RemoteTestRunner.run(RemoteTestRunner.java:382)
	at org.eclipse.jdt.internal.junit.runner.RemoteTestRunner.main(RemoteTestRunner.java:192)
2017-11-21 13:58:51-ERROR com.cup.security.des.DesUtils:50-desEdeCbcEncrypt  Fail: DesEde Cbc Encrypt
org.bouncycastle.jcajce.provider.symmetric.util.BaseBlockCipher$InvalidKeyOrParametersException: key size must be 16 or 24 bytes.
	at org.bouncycastle.jcajce.provider.symmetric.util.BaseBlockCipher.engineInit(Unknown Source)
	at javax.crypto.Cipher.init(Cipher.java:1394)
	at javax.crypto.Cipher.init(Cipher.java:1327)
	at com.cup.security.des.DesUtils.desEdeCbcEncrypt(DesUtils.java:47)
	at com.cup.security.cupsec.CupSec.sensInf3DEKeySM4SEncrypt(CupSec.java:60)
	at cardlessQuickPay.CardlessQuickPayRSATest.createPostXML(CardlessQuickPayRSATest.java:210)
	at cardlessQuickPay.CardlessQuickPayRSATest.testSm2SignWithSm3(CardlessQuickPayRSATest.java:48)
	at sun.reflect.NativeMethodAccessorImpl.invoke0(Native Method)
	at sun.reflect.NativeMethodAccessorImpl.invoke(NativeMethodAccessorImpl.java:62)
	at sun.reflect.DelegatingMethodAccessorImpl.invoke(DelegatingMethodAccessorImpl.java:43)
	at java.lang.reflect.Method.invoke(Method.java:498)
	at org.junit.runners.model.FrameworkMethod$1.runReflectiveCall(FrameworkMethod.java:50)
	at org.junit.internal.runners.model.ReflectiveCallable.run(ReflectiveCallable.java:12)
	at org.junit.runners.model.FrameworkMethod.invokeExplosively(FrameworkMethod.java:47)
	at org.junit.internal.runners.statements.InvokeMethod.evaluate(InvokeMethod.java:17)
	at org.junit.runners.ParentRunner.runLeaf(ParentRunner.java:325)
	at org.junit.runners.BlockJUnit4ClassRunner.runChild(BlockJUnit4ClassRunner.java:78)
	at org.junit.runners.BlockJUnit4ClassRunner.runChild(BlockJUnit4ClassRunner.java:57)
	at org.junit.runners.ParentRunner$3.run(ParentRunner.java:290)
	at org.junit.runners.ParentRunner$1.schedule(ParentRunner.java:71)
	at org.junit.runners.ParentRunner.runChildren(ParentRunner.java:288)
	at org.junit.runners.ParentRunner.access$000(ParentRunner.java:58)
	at org.junit.runners.ParentRunner$2.evaluate(ParentRunner.java:268)
	at org.junit.runners.ParentRunner.run(ParentRunner.java:363)
	at org.eclipse.jdt.internal.junit4.runner.JUnit4TestReference.run(JUnit4TestReference.java:86)
	at org.eclipse.jdt.internal.junit.runner.TestExecution.run(TestExecution.java:38)
	at org.eclipse.jdt.internal.junit.runner.RemoteTestRunner.runTests(RemoteTestRunner.java:459)
	at org.eclipse.jdt.internal.junit.runner.RemoteTestRunner.runTests(RemoteTestRunner.java:678)
	at org.eclipse.jdt.internal.junit.runner.RemoteTestRunner.run(RemoteTestRunner.java:382)
	at org.eclipse.jdt.internal.junit.runner.RemoteTestRunner.main(RemoteTestRunner.java:192)
Caused by: java.lang.IllegalArgumentException: key size must be 16 or 24 bytes.
	at org.bouncycastle.crypto.engines.DESedeEngine.init(Unknown Source)
	at org.bouncycastle.crypto.modes.CBCBlockCipher.init(Unknown Source)
	at org.bouncycastle.crypto.BufferedBlockCipher.init(Unknown Source)
	at org.bouncycastle.jcajce.provider.symmetric.util.BaseBlockCipher$BufferedGenericBlockCipher.init(Unknown Source)
	... 30 more
